<?xml version="1.0" encoding="UTF-8"?>
<!-- Generated by org.testng.reporters.JUnitXMLReporter -->
<testsuite hostname="LAPTOP-5SRGE26E" ignored="0" name="validateTitleTest" tests="1" failures="1" timestamp="2020-04-08T14:23:44 IST" time="5.463" errors="0">
  <testcase name="basepagenavigation" time="0.05" classname="Academy.validateTitle">
    <failure type="java.lang.AssertionError" message="expected [FEATUED COURSES] but found [FEATURED COURSES]">
      <![CDATA[java.lang.AssertionError: expected [FEATUED COURSES] but found [FEATURED COURSES]
at Academy.validateTitle.basepagenavigation(validateTitle.java:32)
at java.util.ArrayList.forEach(Unknown Source)
... Removed 32 stack frames]]>
    </failure>
  </testcase> <!-- basepagenavigation -->
</testsuite> <!-- validateTitleTest -->
