<?xml version="1.0" encoding="UTF-8"?>
<testng-results skipped="0" failed="1" ignored="0" total="4" passed="3">
  <reporter-output>
  </reporter-output>
  <suite name="Suite" duration-ms="33550" started-at="2020-04-08T14:23:10 IST" finished-at="2020-04-08T14:23:44 IST">
    <groups>
    </groups>
    <test name="validatenavigationBarTest" duration-ms="6509" started-at="2020-04-08T14:23:10 IST" finished-at="2020-04-08T14:23:17 IST">
      <class name="Academy.validatenavigationBar">
        <test-method status="PASS" signature="initialize()[pri:0, instance:Academy.validatenavigationBar@32eebfca]" name="initialize" is-config="true" duration-ms="6034" started-at="2020-04-08T14:23:10 IST" finished-at="2020-04-08T14:23:16 IST">
          <reporter-output>
          </reporter-output>
        </test-method> <!-- initialize -->
        <test-method status="PASS" signature="basepagenavigation()[pri:0, instance:Academy.validatenavigationBar@32eebfca]" name="basepagenavigation" duration-ms="192" started-at="2020-04-08T14:23:16 IST" finished-at="2020-04-08T14:23:17 IST">
          <reporter-output>
          </reporter-output>
        </test-method> <!-- basepagenavigation -->
        <test-method status="PASS" signature="closebrowser()[pri:0, instance:Academy.validatenavigationBar@32eebfca]" name="closebrowser" is-config="true" duration-ms="132" started-at="2020-04-08T14:23:17 IST" finished-at="2020-04-08T14:23:17 IST">
          <reporter-output>
          </reporter-output>
        </test-method> <!-- closebrowser -->
      </class> <!-- Academy.validatenavigationBar -->
    </test> <!-- validatenavigationBarTest -->
    <test name="HomePageTest" duration-ms="21425" started-at="2020-04-08T14:23:17 IST" finished-at="2020-04-08T14:23:38 IST">
      <class name="Academy.HomePage">
        <test-method status="PASS" signature="initialize()[pri:0, instance:Academy.HomePage@710726a3]" name="initialize" is-config="true" duration-ms="2353" started-at="2020-04-08T14:23:17 IST" finished-at="2020-04-08T14:23:19 IST">
          <reporter-output>
          </reporter-output>
        </test-method> <!-- initialize -->
        <test-method status="PASS" signature="basepagenavigation(java.lang.String, java.lang.String, java.lang.String)[pri:0, instance:Academy.HomePage@710726a3]" name="basepagenavigation" duration-ms="9878" started-at="2020-04-08T14:23:19 IST" data-provider="getData" finished-at="2020-04-08T14:23:29 IST">
          <params>
            <param index="0">
              <value>
                <![CDATA[nonrestricteduser@qw.com]]>
              </value>
            </param>
            <param index="1">
              <value>
                <![CDATA[123456]]>
              </value>
            </param>
            <param index="2">
              <value>
                <![CDATA[Non Restricted user]]>
              </value>
            </param>
          </params>
          <reporter-output>
          </reporter-output>
        </test-method> <!-- basepagenavigation -->
        <test-method status="PASS" signature="basepagenavigation(java.lang.String, java.lang.String, java.lang.String)[pri:0, instance:Academy.HomePage@710726a3]" name="basepagenavigation" duration-ms="9073" started-at="2020-04-08T14:23:29 IST" data-provider="getData" finished-at="2020-04-08T14:23:38 IST">
          <params>
            <param index="0">
              <value>
                <![CDATA[restricteduser@qw.com]]>
              </value>
            </param>
            <param index="1">
              <value>
                <![CDATA[456788]]>
              </value>
            </param>
            <param index="2">
              <value>
                <![CDATA[Restricted user]]>
              </value>
            </param>
          </params>
          <reporter-output>
          </reporter-output>
        </test-method> <!-- basepagenavigation -->
        <test-method status="PASS" signature="closebrowser()[pri:0, instance:Academy.HomePage@710726a3]" name="closebrowser" is-config="true" duration-ms="108" started-at="2020-04-08T14:23:38 IST" finished-at="2020-04-08T14:23:38 IST">
          <reporter-output>
          </reporter-output>
        </test-method> <!-- closebrowser -->
      </class> <!-- Academy.HomePage -->
    </test> <!-- HomePageTest -->
    <test name="validateTitleTest" duration-ms="5463" started-at="2020-04-08T14:23:38 IST" finished-at="2020-04-08T14:23:44 IST">
      <class name="Academy.validateTitle">
        <test-method status="PASS" signature="initialize()[pri:0, instance:Academy.validateTitle@548ad73b]" name="initialize" is-config="true" duration-ms="4160" started-at="2020-04-08T14:23:38 IST" finished-at="2020-04-08T14:23:42 IST">
          <reporter-output>
          </reporter-output>
        </test-method> <!-- initialize -->
        <test-method status="FAIL" signature="basepagenavigation()[pri:0, instance:Academy.validateTitle@548ad73b]" name="basepagenavigation" duration-ms="50" started-at="2020-04-08T14:23:42 IST" finished-at="2020-04-08T14:23:43 IST">
          <exception class="java.lang.AssertionError">
            <message>
              <![CDATA[expected [FEATUED COURSES] but found [FEATURED COURSES]]]>
            </message>
            <full-stacktrace>
              <![CDATA[java.lang.AssertionError: expected [FEATUED COURSES] but found [FEATURED COURSES]
at org.testng.Assert.fail(Assert.java:97)
at org.testng.Assert.assertEqualsImpl(Assert.java:136)
at org.testng.Assert.assertEquals(Assert.java:118)
at org.testng.Assert.assertEquals(Assert.java:575)
at org.testng.Assert.assertEquals(Assert.java:585)
at Academy.validateTitle.basepagenavigation(validateTitle.java:32)
at sun.reflect.NativeMethodAccessorImpl.invoke0(Native Method)
at sun.reflect.NativeMethodAccessorImpl.invoke(Unknown Source)
at sun.reflect.DelegatingMethodAccessorImpl.invoke(Unknown Source)
at java.lang.reflect.Method.invoke(Unknown Source)
at org.testng.internal.MethodInvocationHelper.invokeMethod(MethodInvocationHelper.java:135)
at org.testng.internal.TestInvoker.invokeMethod(TestInvoker.java:598)
at org.testng.internal.TestInvoker.invokeTestMethod(TestInvoker.java:174)
at org.testng.internal.MethodRunner.runInSequence(MethodRunner.java:46)
at org.testng.internal.TestInvoker$MethodInvocationAgent.invoke(TestInvoker.java:821)
at org.testng.internal.TestInvoker.invokeTestMethods(TestInvoker.java:147)
at org.testng.internal.TestMethodWorker.invokeTestMethods(TestMethodWorker.java:146)
at org.testng.internal.TestMethodWorker.run(TestMethodWorker.java:128)
at java.util.ArrayList.forEach(Unknown Source)
at org.testng.TestRunner.privateRun(TestRunner.java:767)
at org.testng.TestRunner.run(TestRunner.java:588)
at org.testng.SuiteRunner.runTest(SuiteRunner.java:384)
at org.testng.SuiteRunner.runSequentially(SuiteRunner.java:378)
at org.testng.SuiteRunner.privateRun(SuiteRunner.java:337)
at org.testng.SuiteRunner.run(SuiteRunner.java:286)
at org.testng.SuiteRunnerWorker.runSuite(SuiteRunnerWorker.java:53)
at org.testng.SuiteRunnerWorker.run(SuiteRunnerWorker.java:96)
at org.testng.TestNG.runSuitesSequentially(TestNG.java:1214)
at org.testng.TestNG.runSuitesLocally(TestNG.java:1136)
at org.testng.TestNG.runSuites(TestNG.java:1066)
at org.testng.TestNG.run(TestNG.java:1034)
at org.testng.remote.AbstractRemoteTestNG.run(AbstractRemoteTestNG.java:115)
at org.testng.remote.RemoteTestNG.initAndRun(RemoteTestNG.java:251)
at org.testng.remote.RemoteTestNG.main(RemoteTestNG.java:77)
]]>
            </full-stacktrace>
          </exception> <!-- java.lang.AssertionError -->
          <reporter-output>
          </reporter-output>
        </test-method> <!-- basepagenavigation -->
        <test-method status="PASS" signature="closebrowser()[pri:0, instance:Academy.validateTitle@548ad73b]" name="closebrowser" is-config="true" duration-ms="85" started-at="2020-04-08T14:23:44 IST" finished-at="2020-04-08T14:23:44 IST">
          <reporter-output>
          </reporter-output>
        </test-method> <!-- closebrowser -->
      </class> <!-- Academy.validateTitle -->
    </test> <!-- validateTitleTest -->
  </suite> <!-- Suite -->
</testng-results>
